[debug] [2026-06-20T06:00:45.872Z] ----------------------------------------------------------------------
[debug] [2026-06-20T06:00:45.874Z] Command:       C:\Program Files\nodejs\node.exe F:\앱_코딩소스\Bell-opp\node_modules\firebase-tools\lib\bin\firebase.js deploy --project bell-operation --only hosting
[debug] [2026-06-20T06:00:45.874Z] CLI Version:   15.22.0
[debug] [2026-06-20T06:00:45.874Z] Platform:      win32
[debug] [2026-06-20T06:00:45.874Z] Node Version:  v24.14.0
[debug] [2026-06-20T06:00:45.874Z] Detected Agent: antigravity
[debug] [2026-06-20T06:00:45.874Z] Time:          Sat Jun 20 2026 15:00:45 GMT+0900 (한국 표준시)
[debug] [2026-06-20T06:00:45.874Z] ----------------------------------------------------------------------
[debug] 
[debug] [2026-06-20T06:00:46.614Z] > command requires scopes: ["email","openid","https://www.googleapis.com/auth/cloudplatformprojects.readonly","https://www.googleapis.com/auth/firebase","https://www.googleapis.com/auth/cloud-platform"]
[debug] [2026-06-20T06:00:46.614Z] > authorizing via signed-in user (tjkim448532@gmail.com)
[debug] [2026-06-20T06:00:46.615Z] [iam] checking project bell-operation for permissions ["firebase.projects.get","firebasehosting.sites.update"]
[debug] [2026-06-20T06:00:46.615Z] Checked if tokens are valid: true, expires at: 1781937147260
[debug] [2026-06-20T06:00:46.615Z] Checked if tokens are valid: true, expires at: 1781937147260
[debug] [2026-06-20T06:00:46.616Z] >>> [apiv2][query] POST https://cloudresourcemanager.googleapis.com/v1/projects/bell-operation:testIamPermissions [none]
[debug] [2026-06-20T06:00:46.616Z] >>> [apiv2][(partial)header] POST https://cloudresourcemanager.googleapis.com/v1/projects/bell-operation:testIamPermissions  x-goog-user-project=bell-operation
[debug] [2026-06-20T06:00:46.616Z] >>> [apiv2][body] POST https://cloudresourcemanager.googleapis.com/v1/projects/bell-operation:testIamPermissions {"permissions":["firebase.projects.get","firebasehosting.sites.update"]}
[debug] [2026-06-20T06:00:46.839Z] <<< [apiv2][status] POST https://cloudresourcemanager.googleapis.com/v1/projects/bell-operation:testIamPermissions 200
[debug] [2026-06-20T06:00:46.840Z] <<< [apiv2][body] POST https://cloudresourcemanager.googleapis.com/v1/projects/bell-operation:testIamPermissions {"permissions":["firebase.projects.get","firebasehosting.sites.update"]}
[debug] [2026-06-20T06:00:46.840Z] Checked if tokens are valid: true, expires at: 1781937147260
[debug] [2026-06-20T06:00:46.840Z] Checked if tokens are valid: true, expires at: 1781937147260
[debug] [2026-06-20T06:00:46.840Z] >>> [apiv2][query] GET https://firebase.googleapis.com/v1beta1/projects/bell-operation [none]
[debug] [2026-06-20T06:00:47.247Z] <<< [apiv2][status] GET https://firebase.googleapis.com/v1beta1/projects/bell-operation 200
[debug] [2026-06-20T06:00:47.248Z] <<< [apiv2][body] GET https://firebase.googleapis.com/v1beta1/projects/bell-operation {"projectId":"bell-operation","projectNumber":"593133920835","displayName":"Bell-operation","name":"projects/bell-operation","resources":{"hostingSite":"bell-operation"},"state":"ACTIVE","etag":"1_bc31e7d8-d595-40be-8f91-82563170e1de"}
[debug] [2026-06-20T06:00:48.656Z] defaultcredentials: writing to file C:\Users\RESOLVE_01\AppData\Roaming\firebase\tjkim448532_gmail_com_application_default_credentials.json
[debug] [2026-06-20T06:00:48.657Z] Checked if tokens are valid: true, expires at: 1781937147260
[debug] [2026-06-20T06:00:48.657Z] Checked if tokens are valid: true, expires at: 1781937147260
[debug] [2026-06-20T06:00:48.657Z] >>> [apiv2][query] GET https://firebasehosting.googleapis.com/v1beta1/projects/bell-operation/sites pageToken=&pageSize=10
[debug] [2026-06-20T06:00:49.590Z] <<< [apiv2][status] GET https://firebasehosting.googleapis.com/v1beta1/projects/bell-operation/sites 200
[debug] [2026-06-20T06:00:49.590Z] <<< [apiv2][body] GET https://firebasehosting.googleapis.com/v1beta1/projects/bell-operation/sites {"sites":[{"name":"projects/bell-operation/sites/bell-operation","defaultUrl":"https://bell-operation.web.app","appId":"1:593133920835:web:61f25b39170b2f62ce6af6","type":"DEFAULT_SITE"}]}
[debug] [2026-06-20T06:00:49.590Z] Checked if tokens are valid: true, expires at: 1781937147260
[debug] [2026-06-20T06:00:49.590Z] Checked if tokens are valid: true, expires at: 1781937147260
[debug] [2026-06-20T06:00:49.590Z] >>> [apiv2][query] GET https://firebase.googleapis.com/v1beta1/projects/-/webApps/1:593133920835:web:61f25b39170b2f62ce6af6/config [none]
[debug] [2026-06-20T06:00:50.641Z] <<< [apiv2][status] GET https://firebase.googleapis.com/v1beta1/projects/-/webApps/1:593133920835:web:61f25b39170b2f62ce6af6/config 200
[debug] [2026-06-20T06:00:50.641Z] <<< [apiv2][body] GET https://firebase.googleapis.com/v1beta1/projects/-/webApps/1:593133920835:web:61f25b39170b2f62ce6af6/config {"projectId":"bell-operation","appId":"1:593133920835:web:61f25b39170b2f62ce6af6","storageBucket":"bell-operation.firebasestorage.app","apiKey":"AIzaSyC3cAL9Qr3ke0pVsMENWQNp75OLFjECpxo","authDomain":"bell-operation.firebaseapp.com","messagingSenderId":"593133920835","projectNumber":"593133920835","version":"2"}
[info] 
   Thank you for trying our early preview of Next.js support on Firebase Hosting.
   During the preview, support is best-effort and breaking changes can be expected. Proceed with caution.
   The integration is known to work with Next.js version 12 - 16.0. You may encounter errors.

   Documentation: https://firebase.google.com/docs/hosting/frameworks/nextjs
   File a bug: https://github.com/firebase/firebase-tools/issues/new?template=bug_report.md
   Submit a feature request: https://github.com/firebase/firebase-tools/issues/new?template=feature_request.md

   We'd love to learn from you. Express your interest in helping us shape the future of Firebase Hosting: https://goo.gle/41enW5X

[debug] [2026-06-20T06:00:54.157Z] Checked if tokens are valid: true, expires at: 1781937147260
[debug] [2026-06-20T06:00:54.157Z] Checked if tokens are valid: true, expires at: 1781937147260
[debug] [2026-06-20T06:00:54.157Z] >>> [apiv2][query] GET https://firebasehosting.googleapis.com/v1beta1/projects/bell-operation/sites/bell-operation [none]
[debug] [2026-06-20T06:00:54.815Z] <<< [apiv2][status] GET https://firebasehosting.googleapis.com/v1beta1/projects/bell-operation/sites/bell-operation 200
[debug] [2026-06-20T06:00:54.815Z] <<< [apiv2][body] GET https://firebasehosting.googleapis.com/v1beta1/projects/bell-operation/sites/bell-operation {"name":"projects/bell-operation/sites/bell-operation","defaultUrl":"https://bell-operation.web.app","appId":"1:593133920835:web:61f25b39170b2f62ce6af6","type":"DEFAULT_SITE"}
[info] ▲ Next.js 16.2.7 (Turbopack)

[info] - Environments: .env.production, .env


[info] ⚠ The "middleware" file convention is deprecated. Please use "proxy" instead. Learn more: https://nextjs.org/docs/messages/middleware-to-proxy

[info]   Creating an optimized production build ...

[info] ✓ Compiled successfully in 2.1s

[info]   Skipping validation of types

[info]   Finished TypeScript config validation in 5ms ...

[info]   Collecting page data using 19 workers ...

[info] Firebase Admin Initialized with Application Default Credentials.

[info] Firebase Admin Initialized with Application Default Credentials.

[info] Firebase Admin Initialized with Application Default Credentials.

[info] Firebase Admin Initialized with Application Default Credentials.

[info] Firebase Admin Initialized with Application Default Credentials.

[info] Firebase Admin Initialized with Application Default Credentials.

[info] Firebase Admin Initialized with Application Default Credentials.

[info] Firebase Admin Initialized with Application Default Credentials.

[info] Firebase Admin Initialized with Application Default Credentials.

[info] Firebase Admin Initialized with Application Default Credentials.

[info] Firebase Admin Initialized with Application Default Credentials.

[info] Firebase Admin Initialized with Application Default Credentials.

[info] Firebase Admin Initialized with Application Default Credentials.

[info] Firebase Admin Initialized with Application Default Credentials.

[info] Firebase Admin Initialized with Application Default Credentials.

[info] Firebase Admin Initialized with Application Default Credentials.
Firebase Admin Initialized with Application Default Credentials.

[info]   Generating static pages using 19 workers (0/31) ...

[info]   Generating static pages using 19 workers (7/31) 

[info]   Generating static pages using 19 workers (15/31) 

[info]   Generating static pages using 19 workers (23/31) 

[info] ✓ Generating static pages using 19 workers (31/31) in 214ms

[info]   Finalizing page optimization ...

[info] 

[info] Route (app)
┌ ○ /
├ ○ /_not-found
├ ○ /analysis
├ ƒ /api/analysis
├ ƒ /api/dashboard
├ ƒ /api/goals
├ ƒ /api/settings
├ ƒ /api/settings-expense
├ ƒ /api/settings-expense/terms
├ ƒ /api/settings-revenue
├ ƒ /api/settings-revenue/terms
├ ƒ /api/settings/board
├ ƒ /api/settings/teams
├ ƒ /api/settings/unmapped
├ ƒ /api/test
├ ƒ /api/upload
├ ƒ /api/upload/google-sheet
├ ƒ /api/upload/google-sheet-goals
├ ƒ /api/validation
├ ƒ /api/validation/update-project
├ ○ /login
├ ○ /settings
├ ○ /settings-expense
├ ○ /settings-logic
├ ○ /settings-revenue
├ ○ /shared/team-report
├ ○ /team-report
├ ○ /upload
└ ○ /validation


ƒ Proxy (Middleware)

[info] 
○  (Static)   prerendered as static content
ƒ  (Dynamic)  server-rendered on demand


[info] Building a Cloud Function to run this application. This is needed due to:
[info]  • middleware
[info]  • non-static component /api/analysis/route
[info]  • non-static component /api/dashboard/route
[info]  • non-static component /api/goals/route
[info]  • non-static component /api/settings-expense/route
[debug] [2026-06-20T06:01:00.512Z]  • non-static component /api/settings-expense/terms/route
[debug] [2026-06-20T06:01:00.512Z]  • non-static component /api/settings-revenue/route
[debug] [2026-06-20T06:01:00.512Z]  • non-static component /api/settings-revenue/terms/route
[debug] [2026-06-20T06:01:00.512Z]  • non-static component /api/settings/board/route
[debug] [2026-06-20T06:01:00.512Z]  • non-static component /api/settings/route
[debug] [2026-06-20T06:01:00.512Z]  • non-static component /api/settings/teams/route
[debug] [2026-06-20T06:01:00.512Z]  • non-static component /api/settings/unmapped/route
[debug] [2026-06-20T06:01:00.512Z]  • non-static component /api/test/route
[debug] [2026-06-20T06:01:00.512Z]  • non-static component /api/upload/google-sheet-goals/route
[debug] [2026-06-20T06:01:00.512Z]  • non-static component /api/upload/google-sheet/route
[debug] [2026-06-20T06:01:00.512Z]  • non-static component /api/upload/route
[debug] [2026-06-20T06:01:00.512Z]  • non-static component /api/validation/route
[debug] [2026-06-20T06:01:00.512Z]  • non-static component /api/validation/update-project/route
[info]  • and 13 other reasons, use --debug to see more
[info] 
[debug] [2026-06-20T06:01:03.374Z] Checked if tokens are valid: true, expires at: 1781937147260
[debug] [2026-06-20T06:01:03.374Z] Checked if tokens are valid: true, expires at: 1781937147260
[debug] [2026-06-20T06:01:03.374Z] >>> [apiv2][query] GET https://firebasehosting.googleapis.com/v1beta1/projects/bell-operation/sites/bell-operation [none]
[debug] [2026-06-20T06:01:04.318Z] <<< [apiv2][status] GET https://firebasehosting.googleapis.com/v1beta1/projects/bell-operation/sites/bell-operation 200
[debug] [2026-06-20T06:01:04.319Z] <<< [apiv2][body] GET https://firebasehosting.googleapis.com/v1beta1/projects/bell-operation/sites/bell-operation {"name":"projects/bell-operation/sites/bell-operation","defaultUrl":"https://bell-operation.web.app","appId":"1:593133920835:web:61f25b39170b2f62ce6af6","type":"DEFAULT_SITE"}
[debug] [2026-06-20T06:01:04.693Z] Error: EPERM: operation not permitted, symlink 'F:\앱_코딩소스\Bell-opp\node_modules\firebase-admin' -> 'F:\앱_코딩소스\Bell-opp\.firebase\bell-operation\functions\.next\node_modules\firebase-admin-a14c8a5423a75469'
[error] 
[error] Error: An unexpected error has occurred.
